#
# A fatal error has been detected by the Java Runtime Environment:
#
#  Internal Error (javaCalls.cpp:51), pid=2304, tid=0x0000000000003948
#  guarantee(thread->is_Java_thread()) failed: crucial check - the VM thread cannot and must not escape to Java code
#
# JRE version: Java(TM) SE Runtime Environment (8.0_241-b07) (build 1.8.0_241-b07)
# Java VM: Java HotSpot(TM) 64-Bit Server VM (25.241-b07 mixed mode windows-amd64 compressed oops)
# Failed to write core dump. Minidumps are not enabled by default on client versions of Windows
#
# If you would like to submit a bug report, please visit:
#   http://bugreport.java.com/bugreport/crash.jsp
#

---------------  T H R E A D  ---------------

Current thread (0x000000001bc77000):  VMThread [stack: 0x000000001cd10000,0x000000001ce10000] [id=14664]

Stack: [0x000000001cd10000,0x000000001ce10000]
[error occurred during error reporting (printing stack bounds), id 0xc0000005]

Native frames: (J=compiled Java code, j=interpreted, Vv=VM code, C=native code)

VM_Operation (0x000000001d80f740): GetOrSetLocal, mode: safepoint, requested by thread 0x000000001bcde800


---------------  P R O C E S S  ---------------

Java Threads: ( => current thread )
  0x000000001d4b3000 JavaThread "Thread-14" [_thread_blocked, id=14580, stack(0x000000002b6c0000,0x000000002b7c0000)]
  0x000000001d4ad000 JavaThread "Thread-13" [_thread_blocked, id=2244, stack(0x000000002b5c0000,0x000000002b6c0000)]
  0x000000001d4ae000 JavaThread "Druid-ConnectionPool-Destroy-1662549347" daemon [_thread_blocked, id=14524, stack(0x000000002a660000,0x000000002a760000)]
  0x000000001d4b1000 JavaThread "Druid-ConnectionPool-Create-1662549347" daemon [_thread_blocked, id=8236, stack(0x000000002a560000,0x000000002a660000)]
  0x000000001d463000 JavaThread "mysql-cj-abandoned-connection-cleanup" daemon [_thread_blocked, id=1376, stack(0x00000000276f0000,0x00000000277f0000)]
  0x000000001d461800 JavaThread "Session-HouseKeeper-52ecc989" [_thread_blocked, id=2432, stack(0x0000000027300000,0x0000000027400000)]
  0x000000001d462800 JavaThread "qtp942523415-25" [_thread_blocked, id=15028, stack(0x0000000029fd0000,0x000000002a0d0000)]
  0x000000001d465800 JavaThread "qtp942523415-24" [_thread_blocked, id=7936, stack(0x0000000029ed0000,0x0000000029fd0000)]
  0x000000001d467000 JavaThread "qtp942523415-23" [_thread_blocked, id=5900, stack(0x0000000027c10000,0x0000000027d10000)]
  0x000000001d461000 JavaThread "qtp942523415-22" [_thread_blocked, id=1648, stack(0x0000000027b10000,0x0000000027c10000)]
  0x000000001d464800 JavaThread "qtp942523415-21" [_thread_blocked, id=1776, stack(0x0000000023a60000,0x0000000023b60000)]
  0x000000001d464000 JavaThread "qtp942523415-20-acceptor-0@5b8d2c15-ServerConnector@16d0e521{HTTP/1.1,[http/1.1]}{0.0.0.0:8898}" [_thread_in_native, id=1804, stack(0x00000000236b0000,0x00000000237b0000)]
  0x000000001d466000 JavaThread "qtp942523415-19" [_thread_in_native, id=13504, stack(0x0000000021cd0000,0x0000000021dd0000)]
  0x000000001d460000 JavaThread "qtp942523415-18" [_thread_in_native, id=736, stack(0x0000000020960000,0x0000000020a60000)]
  0x000000001dec6800 JavaThread "Service Thread" daemon [_thread_blocked, id=1716, stack(0x000000001e510000,0x000000001e610000)]
  0x000000001de48000 JavaThread "C1 CompilerThread2" daemon [_thread_blocked, id=7468, stack(0x000000001e410000,0x000000001e510000)]
  0x000000001de3d000 JavaThread "C2 CompilerThread1" daemon [_thread_blocked, id=16248, stack(0x000000001e310000,0x000000001e410000)]
  0x000000001de34000 JavaThread "C2 CompilerThread0" daemon [_thread_blocked, id=11232, stack(0x000000001e210000,0x000000001e310000)]
  0x000000001bcee000 JavaThread "JDWP Command Reader" daemon [_thread_in_native, id=13704, stack(0x000000001d910000,0x000000001da10000)]
  0x000000001bcec800 JavaThread "JDWP Event Helper Thread" daemon [_thread_blocked, id=15228, stack(0x000000001d810000,0x000000001d910000)]
  0x000000001bcde800 JavaThread "JDWP Transport Listener: dt_socket" daemon [_thread_blocked, id=5144, stack(0x000000001d710000,0x000000001d810000)]
  0x000000001bcd2800 JavaThread "Attach Listener" daemon [_thread_blocked, id=15804, stack(0x000000001d610000,0x000000001d710000)]
  0x000000001d153800 JavaThread "Signal Dispatcher" daemon [_thread_blocked, id=12560, stack(0x000000001d510000,0x000000001d610000)]
  0x000000001bc9f800 JavaThread "Finalizer" daemon [_thread_blocked, id=6260, stack(0x000000001cf10000,0x000000001d010000)]
  0x000000001bc79000 JavaThread "Reference Handler" daemon [_thread_blocked, id=6684, stack(0x000000001ce10000,0x000000001cf10000)]
  0x000000000282a800 JavaThread "main" [_thread_blocked, id=9320, stack(0x0000000002630000,0x0000000002730000)]

Other Threads:
=>0x000000001bc77000 VMThread [stack: 0x000000001cd10000,0x000000001ce10000] [id=14664]
  0x000000001df2c000 WatcherThread [stack: 0x000000001e610000,0x000000001e710000] [id=14632]

VM state:at safepoint (normal execution)

VM Mutex/Monitor currently owned by a thread:  ([mutex/lock_event])
[0x0000000002821450] Threads_lock - owner thread: 0x000000001bc77000

heap address: 0x00000006c8200000, size: 3966 MB, Compressed Oops mode: Zero based, Oop shift amount: 3
Narrow klass base: 0x0000000000000000, Narrow klass shift: 3
Compressed class space size: 1073741824 Address: 0x00000007c0000000

Heap:
 PSYoungGen      total 359936K, used 170216K [0x000000076d600000, 0x0000000785700000, 0x00000007c0000000)
  eden space 340992K, 49% used [0x000000076d600000,0x0000000777c3a288,0x0000000782300000)
  from space 18944K, 0% used [0x0000000783980000,0x0000000783980000,0x0000000784c00000)
  to   space 23040K, 0% used [0x0000000782300000,0x0000000782300000,0x0000000783980000)
 ParOldGen       total 239616K, used 41784K [0x00000006c8200000, 0x00000006d6c00000, 0x000000076d600000)
  object space 239616K, 17% used [0x00000006c8200000,0x00000006caace3c8,0x00000006d6c00000)
 Metaspace       used 62073K, capacity 64356K, committed 64512K, reserved 1105920K
  class space    used 7695K, capacity 8070K, committed 8192K, reserved 1048576K

Card table byte_map: [0x0000000011e70000,0x0000000012630000] byte_map_base: 0x000000000e82f000

Marking Bits: (ParMarkBitMap*) 0x000000005a95be30
 Begin Bits: [0x0000000012f60000, 0x0000000016d58000)
 End Bits:   [0x0000000016d58000, 0x000000001ab50000)

Polling page: 0x0000000002240000

CodeCache: size=245760Kb used=19429Kb max_used=20945Kb free=226330Kb
 bounds [0x0000000002ab0000, 0x0000000004000000, 0x0000000011ab0000]
 total_blobs=6604 nmethods=6069 adapters=455
 compilation: enabled

Compilation events (10 events):
Event: 404.908 Thread 0x000000001de48000 7055       1       com.mysql.cj.NativeSession::getSessionMaxRows (5 bytes)
Event: 404.908 Thread 0x000000001de48000 nmethod 7055 0x0000000002f5b950 code [0x0000000002f5baa0, 0x0000000002f5bbb0]
Event: 404.908 Thread 0x000000001de48000 7056       1       com.mysql.cj.AbstractQuery::getTimeoutInMillis (5 bytes)
Event: 404.909 Thread 0x000000001de48000 nmethod 7056 0x0000000002f5b5d0 code [0x0000000002f5b720, 0x0000000002f5b830]
Event: 404.909 Thread 0x000000001de48000 7057       1       com.mysql.cj.jdbc.StatementImpl::getResultSetFactory (5 bytes)
Event: 404.909 Thread 0x000000001de48000 nmethod 7057 0x00000000032166d0 code [0x0000000003216820, 0x0000000003216930]
Event: 404.909 Thread 0x000000001de48000 7058       1       com.mysql.cj.AbstractQuery::getId (5 bytes)
Event: 404.910 Thread 0x000000001de48000 nmethod 7058 0x000000000358d1d0 code [0x000000000358d320, 0x000000000358d430]
Event: 404.910 Thread 0x000000001de48000 7059       1       com.mysql.cj.AbstractQuery::getStatementExecuting (5 bytes)
Event: 404.910 Thread 0x000000001de48000 nmethod 7059 0x000000000358cf10 code [0x000000000358d060, 0x000000000358d170]

GC Heap History (10 events):
Event: 7.974 GC heap before
{Heap before GC invocations=9 (full 2):
 PSYoungGen      total 201728K, used 10208K [0x000000076d600000, 0x000000077ff00000, 0x00000007c0000000)
  eden space 191488K, 0% used [0x000000076d600000,0x000000076d600000,0x0000000779100000)
  from space 10240K, 99% used [0x0000000779100000,0x0000000779af8248,0x0000000779b00000)
  to   space 11776K, 0% used [0x000000077f380000,0x000000077f380000,0x000000077ff00000)
 ParOldGen       total 99840K, used 9374K [0x00000006c8200000, 0x00000006ce380000, 0x000000076d600000)
  object space 99840K, 9% used [0x00000006c8200000,0x00000006c8b279e8,0x00000006ce380000)
 Metaspace       used 34386K, capacity 35334K, committed 35416K, reserved 1081344K
  class space    used 4339K, capacity 4561K, committed 4608K, reserved 1048576K
Event: 8.075 GC heap after
Heap after GC invocations=9 (full 2):
 PSYoungGen      total 201728K, used 0K [0x000000076d600000, 0x000000077ff00000, 0x00000007c0000000)
  eden space 191488K, 0% used [0x000000076d600000,0x000000076d600000,0x0000000779100000)
  from space 10240K, 0% used [0x0000000779100000,0x0000000779100000,0x0000000779b00000)
  to   space 11776K, 0% used [0x000000077f380000,0x000000077f380000,0x000000077ff00000)
 ParOldGen       total 158208K, used 16059K [0x00000006c8200000, 0x00000006d1c80000, 0x000000076d600000)
  object space 158208K, 10% used [0x00000006c8200000,0x00000006c91aeda8,0x00000006d1c80000)
 Metaspace       used 34386K, capacity 35334K, committed 35416K, reserved 1081344K
  class space    used 4339K, capacity 4561K, committed 4608K, reserved 1048576K
}
Event: 11.339 GC heap before
{Heap before GC invocations=10 (full 2):
 PSYoungGen      total 201728K, used 191488K [0x000000076d600000, 0x000000077ff00000, 0x00000007c0000000)
  eden space 191488K, 100% used [0x000000076d600000,0x0000000779100000,0x0000000779100000)
  from space 10240K, 0% used [0x0000000779100000,0x0000000779100000,0x0000000779b00000)
  to   space 11776K, 0% used [0x000000077f380000,0x000000077f380000,0x000000077ff00000)
 ParOldGen       total 158208K, used 16059K [0x00000006c8200000, 0x00000006d1c80000, 0x000000076d600000)
  object space 158208K, 10% used [0x00000006c8200000,0x00000006c91aeda8,0x00000006d1c80000)
 Metaspace       used 44627K, capacity 46022K, committed 46336K, reserved 1089536K
  class space    used 5582K, capacity 5831K, committed 5888K, reserved 1048576K
Event: 11.362 GC heap after
Heap after GC invocations=10 (full 2):
 PSYoungGen      total 286208K, used 11764K [0x000000076d600000, 0x000000077ff00000, 0x00000007c0000000)
  eden space 274432K, 0% used [0x000000076d600000,0x000000076d600000,0x000000077e200000)
  from space 11776K, 99% used [0x000000077f380000,0x000000077fefd058,0x000000077ff00000)
  to   space 13312K, 0% used [0x000000077e500000,0x000000077e500000,0x000000077f200000)
 ParOldGen       total 158208K, used 16522K [0x00000006c8200000, 0x00000006d1c80000, 0x000000076d600000)
  object space 158208K, 10% used [0x00000006c8200000,0x00000006c9222b98,0x00000006d1c80000)
 Metaspace       used 44627K, capacity 46022K, committed 46336K, reserved 1089536K
  class space    used 5582K, capacity 5831K, committed 5888K, reserved 1048576K
}
Event: 14.132 GC heap before
{Heap before GC invocations=11 (full 2):
 PSYoungGen      total 286208K, used 286196K [0x000000076d600000, 0x000000077ff00000, 0x00000007c0000000)
  eden space 274432K, 100% used [0x000000076d600000,0x000000077e200000,0x000000077e200000)
  from space 11776K, 99% used [0x000000077f380000,0x000000077fefd058,0x000000077ff00000)
  to   space 13312K, 0% used [0x000000077e500000,0x000000077e500000,0x000000077f200000)
 ParOldGen       total 158208K, used 16522K [0x00000006c8200000, 0x00000006d1c80000, 0x000000076d600000)
  object space 158208K, 10% used [0x00000006c8200000,0x00000006c9222b98,0x00000006d1c80000)
 Metaspace       used 51657K, capacity 53098K, committed 53376K, reserved 1095680K
  class space    used 6408K, capacity 6707K, committed 6784K, reserved 1048576K
Event: 14.173 GC heap after
Heap after GC invocations=11 (full 2):
 PSYoungGen      total 290816K, used 13283K [0x000000076d600000, 0x0000000784c00000, 0x00000007c0000000)
  eden space 277504K, 0% used [0x000000076d600000,0x000000076d600000,0x000000077e500000)
  from space 13312K, 99% used [0x000000077e500000,0x000000077f1f8fe0,0x000000077f200000)
  to   space 18944K, 0% used [0x0000000783980000,0x0000000783980000,0x0000000784c00000)
 ParOldGen       total 158208K, used 27047K [0x00000006c8200000, 0x00000006d1c80000, 0x000000076d600000)
  object space 158208K, 17% used [0x00000006c8200000,0x00000006c9c69f80,0x00000006d1c80000)
 Metaspace       used 51657K, capacity 53098K, committed 53376K, reserved 1095680K
  class space    used 6408K, capacity 6707K, committed 6784K, reserved 1048576K
}
Event: 16.072 GC heap before
{Heap before GC invocations=12 (full 2):
 PSYoungGen      total 290816K, used 277307K [0x000000076d600000, 0x0000000784c00000, 0x00000007c0000000)
  eden space 277504K, 95% used [0x000000076d600000,0x000000077d7d5cf8,0x000000077e500000)
  from space 13312K, 99% used [0x000000077e500000,0x000000077f1f8fe0,0x000000077f200000)
  to   space 18944K, 0% used [0x0000000783980000,0x0000000783980000,0x0000000784c00000)
 ParOldGen       total 158208K, used 27047K [0x00000006c8200000, 0x00000006d1c80000, 0x000000076d600000)
  object space 158208K, 17% used [0x00000006c8200000,0x00000006c9c69f80,0x00000006d1c80000)
 Metaspace       used 57208K, capacity 58796K, committed 59008K, reserved 1101824K
  class space    used 6996K, capacity 7274K, committed 7296K, reserved 1048576K
Event: 16.101 GC heap after
Heap after GC invocations=12 (full 2):
 PSYoungGen      total 359936K, used 18930K [0x000000076d600000, 0x0000000785700000, 0x00000007c0000000)
  eden space 340992K, 0% used [0x000000076d600000,0x000000076d600000,0x0000000782300000)
  from space 18944K, 99% used [0x0000000783980000,0x0000000784bfc880,0x0000000784c00000)
  to   space 23040K, 0% used [0x0000000782300000,0x0000000782300000,0x0000000783980000)
 ParOldGen       total 158208K, used 32091K [0x00000006c8200000, 0x00000006d1c80000, 0x000000076d600000)
  object space 158208K, 20% used [0x00000006c8200000,0x00000006ca156e88,0x00000006d1c80000)
 Metaspace       used 57208K, capacity 58796K, committed 59008K, reserved 1101824K
  class space    used 6996K, capacity 7274K, committed 7296K, reserved 1048576K
}
Event: 16.101 GC heap before
{Heap before GC invocations=13 (full 3):
 PSYoungGen      total 359936K, used 18930K [0x000000076d600000, 0x0000000785700000, 0x00000007c0000000)
  eden space 340992K, 0% used [0x000000076d600000,0x000000076d600000,0x0000000782300000)
  from space 18944K, 99% used [0x0000000783980000,0x0000000784bfc880,0x0000000784c00000)
  to   space 23040K, 0% used [0x0000000782300000,0x0000000782300000,0x0000000783980000)
 ParOldGen       total 158208K, used 32091K [0x00000006c8200000, 0x00000006d1c80000, 0x000000076d600000)
  object space 158208K, 20% used [0x00000006c8200000,0x00000006ca156e88,0x00000006d1c80000)
 Metaspace       used 57208K, capacity 58796K, committed 59008K, reserved 1101824K
  class space    used 6996K, capacity 7274K, committed 7296K, reserved 1048576K
Event: 16.324 GC heap after
Heap after GC invocations=13 (full 3):
 PSYoungGen      total 359936K, used 0K [0x000000076d600000, 0x0000000785700000, 0x00000007c0000000)
  eden space 340992K, 0% used [0x000000076d600000,0x000000076d600000,0x0000000782300000)
  from space 18944K, 0% used [0x0000000783980000,0x0000000783980000,0x0000000784c00000)
  to   space 23040K, 0% used [0x0000000782300000,0x0000000782300000,0x0000000783980000)
 ParOldGen       total 239616K, used 41784K [0x00000006c8200000, 0x00000006d6c00000, 0x000000076d600000)
  object space 239616K, 17% used [0x00000006c8200000,0x00000006caace3c8,0x00000006d6c00000)
 Metaspace       used 57208K, capacity 58796K, committed 59008K, reserved 1101824K
  class space    used 6996K, capacity 7274K, committed 7296K, reserved 1048576K
}

Deoptimization events (10 events):
Event: 17.693 Thread 0x000000000282a800 Uncommon trap: reason=unhandled action=none pc=0x00000000032e70a8 method=java.net.URLClassLoader.findClass(Ljava/lang/String;)Ljava/lang/Class; @ 44
Event: 17.694 Thread 0x000000000282a800 Uncommon trap: reason=unhandled action=none pc=0x00000000032e70a8 method=java.net.URLClassLoader.findClass(Ljava/lang/String;)Ljava/lang/Class; @ 44
Event: 17.695 Thread 0x000000000282a800 Uncommon trap: reason=unhandled action=none pc=0x00000000032e70a8 method=java.net.URLClassLoader.findClass(Ljava/lang/String;)Ljava/lang/Class; @ 44
Event: 17.697 Thread 0x000000000282a800 Uncommon trap: reason=unhandled action=none pc=0x00000000032e70a8 method=java.net.URLClassLoader.findClass(Ljava/lang/String;)Ljava/lang/Class; @ 44
Event: 17.698 Thread 0x000000000282a800 Uncommon trap: reason=unhandled action=none pc=0x00000000032e70a8 method=java.net.URLClassLoader.findClass(Ljava/lang/String;)Ljava/lang/Class; @ 44
Event: 17.700 Thread 0x000000000282a800 Uncommon trap: reason=unhandled action=none pc=0x00000000032e70a8 method=java.net.URLClassLoader.findClass(Ljava/lang/String;)Ljava/lang/Class; @ 44
Event: 17.713 Thread 0x000000000282a800 Uncommon trap: reason=unhandled action=none pc=0x00000000032e70a8 method=java.net.URLClassLoader.findClass(Ljava/lang/String;)Ljava/lang/Class; @ 44
Event: 17.730 Thread 0x000000000282a800 Uncommon trap: reason=unhandled action=none pc=0x00000000032e70a8 method=java.net.URLClassLoader.findClass(Ljava/lang/String;)Ljava/lang/Class; @ 44
Event: 17.736 Thread 0x000000000282a800 Uncommon trap: reason=unhandled action=none pc=0x00000000032e70a8 method=java.net.URLClassLoader.findClass(Ljava/lang/String;)Ljava/lang/Class; @ 44
Event: 17.763 Thread 0x000000000282a800 Uncommon trap: reason=unhandled action=none pc=0x00000000032e70a8 method=java.net.URLClassLoader.findClass(Ljava/lang/String;)Ljava/lang/Class; @ 44

Classes redefined (2 events):
Event: 278.187 Thread 0x000000001bc77000 redefined class name=com.usc.server.md.mapper.ItemRelBeanFactoryConverter, count=1
Event: 398.667 Thread 0x000000001bc77000 redefined class name=com.usc.server.md.mapper.ItemRelBeanFactoryConverter, count=2

Internal exceptions (10 events):
Event: 17.504 Thread 0x000000000282a800 Exception <a 'java/lang/ClassNotFoundException': org/springframework/beans/factory/BeanNameAwareCustomizer> (0x0000000775a6a7c8) thrown at [C:\ade\jenkins\workspace\8-2-build-windows-amd64-cygwin\jdk8u241\331\hotspot\src\share\vm\classfile\systemDictionar
Event: 17.506 Thread 0x000000000282a800 Exception <a 'java/lang/ClassNotFoundException': org/springframework/beans/factory/AwareCustomizer> (0x0000000775a8ef38) thrown at [C:\ade\jenkins\workspace\8-2-build-windows-amd64-cygwin\jdk8u241\331\hotspot\src\share\vm\classfile\systemDictionary.cpp, l
Event: 17.508 Thread 0x000000000282a800 Exception <a 'java/lang/ClassNotFoundException': org/springframework/context/ApplicationContextAwareCustomizer> (0x0000000775ab93c0) thrown at [C:\ade\jenkins\workspace\8-2-build-windows-amd64-cygwin\jdk8u241\331\hotspot\src\share\vm\classfile\systemDicti
Event: 17.509 Thread 0x000000000282a800 Exception <a 'java/lang/ClassNotFoundException': org/springframework/beans/factory/AwareCustomizer> (0x0000000775ade158) thrown at [C:\ade\jenkins\workspace\8-2-build-windows-amd64-cygwin\jdk8u241\331\hotspot\src\share\vm\classfile\systemDictionary.cpp, l
Event: 17.510 Thread 0x000000000282a800 Exception <a 'java/lang/ClassNotFoundException': org/springframework/context/ApplicationEventPublisherAwareCustomizer> (0x0000000775b0bc80) thrown at [C:\ade\jenkins\workspace\8-2-build-windows-amd64-cygwin\jdk8u241\331\hotspot\src\share\vm\classfile\syst
Event: 17.511 Thread 0x000000000282a800 Exception <a 'java/lang/ClassNotFoundException': org/springframework/beans/factory/AwareCustomizer> (0x0000000775b30ab0) thrown at [C:\ade\jenkins\workspace\8-2-build-windows-amd64-cygwin\jdk8u241\331\hotspot\src\share\vm\classfile\systemDictionary.cpp, l
Event: 17.512 Thread 0x000000000282a800 Exception <a 'java/lang/ClassNotFoundException': org/springframework/context/ApplicationListenerCustomizer> (0x0000000775b583c0) thrown at [C:\ade\jenkins\workspace\8-2-build-windows-amd64-cygwin\jdk8u241\331\hotspot\src\share\vm\classfile\systemDictionar
Event: 17.512 Thread 0x000000000282a800 Exception <a 'java/lang/ClassNotFoundException': java/util/EventListenerCustomizer> (0x0000000775b66b38) thrown at [C:\ade\jenkins\workspace\8-2-build-windows-amd64-cygwin\jdk8u241\331\hotspot\src\share\vm\classfile\systemDictionary.cpp, line 210]
Event: 17.524 Thread 0x000000000282a800 Exception <a 'java/lang/ArrayIndexOutOfBoundsException': 323> (0x0000000775c39ac8) thrown at [C:\ade\jenkins\workspace\8-2-build-windows-amd64-cygwin\jdk8u241\331\hotspot\src\share\vm\interpreter\interpreterRuntime.cpp, line 368]
Event: 17.564 Thread 0x000000000282a800 Exception <a 'java/lang/ArrayIndexOutOfBoundsException': 123> (0x0000000775edecc0) thrown at [C:\ade\jenkins\workspace\8-2-build-windows-amd64-cygwin\jdk8u241\331\hotspot\src\share\vm\interpreter\interpreterRuntime.cpp, line 368]

Events (10 events):
Event: 405.742 Executing VM operation: GetCurrentContendedMonitor done
Event: 405.743 Executing VM operation: GetOwnedMonitorInfo
Event: 405.743 Executing VM operation: GetOwnedMonitorInfo done
Event: 405.744 Executing VM operation: GetCurrentContendedMonitor
Event: 405.744 Executing VM operation: GetCurrentContendedMonitor done
Event: 405.746 Executing VM operation: GetCurrentContendedMonitor
Event: 405.746 Executing VM operation: GetCurrentContendedMonitor done
Event: 405.746 Executing VM operation: GetOwnedMonitorInfo
Event: 405.746 Executing VM operation: GetOwnedMonitorInfo done
Event: 406.667 Executing VM operation: GetOrSetLocal


Dynamic libraries:
0x00007ff6086f0000 - 0x00007ff608727000 	C:\Program Files\Java\jre1.8.0_241\bin\javaw.exe
0x00007ffae73a0000 - 0x00007ffae7590000 	C:\WINDOWS\SYSTEM32\ntdll.dll
0x00007ffae7060000 - 0x00007ffae7112000 	C:\WINDOWS\System32\KERNEL32.DLL
0x00007ffae4330000 - 0x00007ffae45d3000 	C:\WINDOWS\System32\KERNELBASE.dll
0x00007ffae5960000 - 0x00007ffae5a03000 	C:\WINDOWS\System32\ADVAPI32.dll
0x00007ffae5cc0000 - 0x00007ffae5d5e000 	C:\WINDOWS\System32\msvcrt.dll
0x00007ffae5ae0000 - 0x00007ffae5b77000 	C:\WINDOWS\System32\sechost.dll
0x00007ffae69a0000 - 0x00007ffae6ac0000 	C:\WINDOWS\System32\RPCRT4.dll
0x00007ffae71c0000 - 0x00007ffae7354000 	C:\WINDOWS\System32\USER32.dll
0x00007ffae4fb0000 - 0x00007ffae4fd1000 	C:\WINDOWS\System32\win32u.dll
0x00007ffae5620000 - 0x00007ffae5646000 	C:\WINDOWS\System32\GDI32.dll
0x00007ffae5150000 - 0x00007ffae52e4000 	C:\WINDOWS\System32\gdi32full.dll
0x00007ffae50b0000 - 0x00007ffae514e000 	C:\WINDOWS\System32\msvcp_win.dll
0x00007ffae52f0000 - 0x00007ffae53ea000 	C:\WINDOWS\System32\ucrtbase.dll
0x00007ffacc5c0000 - 0x00007ffacc845000 	C:\WINDOWS\WinSxS\amd64_microsoft.windows.common-controls_6595b64144ccf1df_6.0.18362.657_none_e6c5b579130e3898\COMCTL32.dll
0x00007ffae6c40000 - 0x00007ffae6f76000 	C:\WINDOWS\System32\combase.dll
0x00007ffae45e0000 - 0x00007ffae4660000 	C:\WINDOWS\System32\bcryptPrimitives.dll
0x00007ffae7030000 - 0x00007ffae705e000 	C:\WINDOWS\System32\IMM32.DLL
0x000000005ac00000 - 0x000000005acd2000 	C:\Program Files\Java\jre1.8.0_241\bin\msvcr100.dll
0x000000005a130000 - 0x000000005a9dc000 	C:\Program Files\Java\jre1.8.0_241\bin\server\jvm.dll
0x00007ffae6920000 - 0x00007ffae6928000 	C:\WINDOWS\System32\PSAPI.DLL
0x00007ffadd410000 - 0x00007ffadd419000 	C:\WINDOWS\SYSTEM32\WSOCK32.dll
0x00007ffae6930000 - 0x00007ffae699f000 	C:\WINDOWS\System32\WS2_32.dll
0x00007ffadba70000 - 0x00007ffadba94000 	C:\WINDOWS\SYSTEM32\WINMM.dll
0x00007ffadc410000 - 0x00007ffadc41a000 	C:\WINDOWS\SYSTEM32\VERSION.dll
0x00007ffadba40000 - 0x00007ffadba6d000 	C:\WINDOWS\SYSTEM32\WINMMBASE.dll
0x00007ffae47b0000 - 0x00007ffae47fa000 	C:\WINDOWS\System32\cfgmgr32.dll
0x00007ffadc7b0000 - 0x00007ffadc7bf000 	C:\Program Files\Java\jre1.8.0_241\bin\verify.dll
0x00007ffadc780000 - 0x00007ffadc7a9000 	C:\Program Files\Java\jre1.8.0_241\bin\java.dll
0x00007ffac5a80000 - 0x00007ffac5ab5000 	C:\Program Files\Java\jre1.8.0_241\bin\jdwp.dll
0x00007ffadd230000 - 0x00007ffadd238000 	C:\Program Files\Java\jre1.8.0_241\bin\npt.dll
0x00007ffadc6f0000 - 0x00007ffadc713000 	C:\Program Files\Java\jre1.8.0_241\bin\instrument.dll
0x00007ffadc590000 - 0x00007ffadc5a6000 	C:\Program Files\Java\jre1.8.0_241\bin\zip.dll
0x00007ffae5dc0000 - 0x00007ffae64a5000 	C:\WINDOWS\System32\SHELL32.dll
0x00007ffae6b90000 - 0x00007ffae6c39000 	C:\WINDOWS\System32\shcore.dll
0x00007ffae4800000 - 0x00007ffae4f7f000 	C:\WINDOWS\System32\windows.storage.dll
0x00007ffae42f0000 - 0x00007ffae430f000 	C:\WINDOWS\System32\profapi.dll
0x00007ffae4280000 - 0x00007ffae42ca000 	C:\WINDOWS\System32\powrprof.dll
0x00007ffae4270000 - 0x00007ffae4280000 	C:\WINDOWS\System32\UMPDC.dll
0x00007ffae5b80000 - 0x00007ffae5bd2000 	C:\WINDOWS\System32\shlwapi.dll
0x00007ffae42d0000 - 0x00007ffae42e1000 	C:\WINDOWS\System32\kernel.appcore.dll
0x00007ffae5090000 - 0x00007ffae50a7000 	C:\WINDOWS\System32\cryptsp.dll
0x00007ffadd200000 - 0x00007ffadd209000 	C:\Program Files\Java\jre1.8.0_241\bin\dt_socket.dll
0x00007ffad9940000 - 0x00007ffad9956000 	C:\WINDOWS\system32\napinsp.dll
0x00007ffad9920000 - 0x00007ffad993a000 	C:\WINDOWS\system32\pnrpnsp.dll
0x00007ffae3ae0000 - 0x00007ffae3b47000 	C:\WINDOWS\System32\mswsock.dll
0x00007ffae3830000 - 0x00007ffae38fa000 	C:\WINDOWS\SYSTEM32\DNSAPI.dll
0x00007ffae5610000 - 0x00007ffae5618000 	C:\WINDOWS\System32\NSI.dll
0x00007ffae37f0000 - 0x00007ffae382a000 	C:\WINDOWS\SYSTEM32\IPHLPAPI.DLL
0x00007ffad98a0000 - 0x00007ffad98ae000 	C:\WINDOWS\System32\winrnr.dll
0x00007ffae0d10000 - 0x00007ffae0d2c000 	C:\WINDOWS\system32\NLAapi.dll
0x00007ffadefd0000 - 0x00007ffadefe5000 	C:\WINDOWS\system32\wshbth.dll
0x00007ffadc8f0000 - 0x00007ffadc967000 	C:\WINDOWS\System32\fwpuclnt.dll
0x00007ffae4f80000 - 0x00007ffae4fa6000 	C:\WINDOWS\System32\bcrypt.dll
0x00007ffadb350000 - 0x00007ffadb35a000 	C:\Windows\System32\rasadhlp.dll
0x00007ffadd1f0000 - 0x00007ffadd1fd000 	C:\Program Files\Java\jre1.8.0_241\bin\management.dll
0x00007ffac16e0000 - 0x00007ffac16fa000 	C:\Program Files\Java\jre1.8.0_241\bin\net.dll
0x00007ffac16c0000 - 0x00007ffac16d2000 	C:\Program Files\Java\jre1.8.0_241\bin\nio.dll
0x00007ffae3650000 - 0x00007ffae3683000 	C:\WINDOWS\system32\rsaenh.dll
0x00007ffae4190000 - 0x00007ffae41b5000 	C:\WINDOWS\SYSTEM32\USERENV.dll
0x00007ffae3cb0000 - 0x00007ffae3cbc000 	C:\WINDOWS\SYSTEM32\CRYPTBASE.dll
0x00007ffadcf70000 - 0x00007ffadcf86000 	C:\WINDOWS\SYSTEM32\dhcpcsvc6.DLL
0x00007ffaddb80000 - 0x00007ffaddb9c000 	C:\WINDOWS\SYSTEM32\dhcpcsvc.DLL

VM Arguments:
jvm_args: -agentlib:jdwp=transport=dt_socket,suspend=y,address=localhost:49677 -javaagent:D:\eclipse\jee-2019-12\eclipse\configuration\org.eclipse.osgi\411\0\.cp\lib\javaagent-shaded.jar -Dfile.encoding=UTF-8 
java_command: com.usc.Application
java_class_path (initial): D:\git\USCQMS2.1.1\target\classes;D:\apache-maven-3.6.3\repository\org\springframework\boot\spring-boot-starter-web\2.1.6.RELEASE\spring-boot-starter-web-2.1.6.RELEASE.jar;D:\apache-maven-3.6.3\repository\org\springframework\boot\spring-boot-starter\2.1.6.RELEASE\spring-boot-starter-2.1.6.RELEASE.jar;D:\apache-maven-3.6.3\repository\org\springframework\boot\spring-boot\2.1.6.RELEASE\spring-boot-2.1.6.RELEASE.jar;D:\apache-maven-3.6.3\repository\org\springframework\boot\spring-boot-starter-logging\2.1.6.RELEASE\spring-boot-starter-logging-2.1.6.RELEASE.jar;D:\apache-maven-3.6.3\repository\ch\qos\logback\logback-classic\1.2.3\logback-classic-1.2.3.jar;D:\apache-maven-3.6.3\repository\ch\qos\logback\logback-core\1.2.3\logback-core-1.2.3.jar;D:\apache-maven-3.6.3\repository\org\apache\logging\log4j\log4j-to-slf4j\2.11.2\log4j-to-slf4j-2.11.2.jar;D:\apache-maven-3.6.3\repository\org\apache\logging\log4j\log4j-api\2.11.2\log4j-api-2.11.2.jar;D:\apache-maven-3.6.3\repository\org\slf4j\jul-to-slf4j\1.7.26\jul-to-slf4j-1.7.26.jar;D:\apache-maven-3.6.3\repository\javax\annotation\javax.annotation-api\1.3.2\javax.annotation-api-1.3.2.jar;D:\apache-maven-3.6.3\repository\org\yaml\snakeyaml\1.23\snakeyaml-1.23.jar;D:\apache-maven-3.6.3\repository\org\springframework\boot\spring-boot-starter-json\2.1.6.RELEASE\spring-boot-starter-json-2.1.6.RELEASE.jar;D:\apache-maven-3.6.3\repository\com\fasterxml\jackson\datatype\jackson-datatype-jdk8\2.9.9\jackson-datatype-jdk8-2.9.9.jar;D:\apache-maven-3.6.3\repository\com\fasterxml\jackson\datatype\jackson-datatype-jsr310\2.9.9\jackson-datatype-jsr310-2.9.9.jar;D:\apache-maven-3.6.3\repository\com\fasterxml\jackson\module\jackson-module-parameter-names\2.9.9\jackson-module-parameter-names-2.9.9.jar;D:\apache-maven-3.6.3\repository\org\hibernate\validator\hibernate-validator\6.0.17.Final\hibernate-validator-6.0.17.Final.jar;D:\apache-maven-3.6.3\repository\javax\validation\validation-api\2.0.1.Final\validation-api
Launcher Type: SUN_STANDARD

Environment Variables:
PATH=C:/Program Files/Java/jre1.8.0_241/bin/server;C:/Program Files/Java/jre1.8.0_241/bin;C:/Program Files/Java/jre1.8.0_241/lib/amd64;C:\Program Files (x86)\Common Files\Oracle\Java\javapath;C:\WINDOWS\system32;C:\WINDOWS;C:\WINDOWS\System32\Wbem;C:\WINDOWS\System32\WindowsPowerShell\v1.0\;C:\WINDOWS\System32\OpenSSH\;D:\apache-maven-3.6.3\bin;C:\Program Files\MySQL\MySQL Utilities 1.6\;C:\Program Files\nodejs\;D:\Program Files\Git\cmd;C:\Program Files\MySQL\MySQL Shell 8.0\bin\;C:\Users\Semon\AppData\Local\Microsoft\WindowsApps;D:\Microsoft VS Code\bin;C:\Users\Semon\AppData\Roaming\npm;C:\Users\Semon\AppData\Local\GitHubDesktop\bin;C:\Users\Semon\Desktop;
USERNAME=Semon
OS=Windows_NT
PROCESSOR_IDENTIFIER=Intel64 Family 6 Model 78 Stepping 3, GenuineIntel



---------------  S Y S T E M  ---------------

OS: Windows 10.0 , 64 bit Build 18362 (10.0.18362.329)

CPU:total 4 (initial active 4) (2 cores per cpu, 2 threads per core) family 6 model 78 stepping 3, cmov, cx8, fxsr, mmx, sse, sse2, sse3, ssse3, sse4.1, sse4.2, popcnt, avx, avx2, aes, clmul, erms, 3dnowpref, lzcnt, ht, tsc, tscinvbit, bmi1, bmi2, adx

Memory: 4k page, physical 16237148k(8310340k free), swap 17285724k(7781172k free)

vm_info: Java HotSpot(TM) 64-Bit Server VM (25.241-b07) for windows-amd64 JRE (1.8.0_241-b07), built on Dec 11 2019 10:21:40 by "rejava" with MS VC++ 10.0 (VS2010)

time: Fri Mar 06 19:56:55 2020
timezone: 中国标准时间
elapsed time: 406 seconds (0d 0h 6m 46s)

